<?xml version="1.0" encoding="UTF-8"?>
<!-- Generated by org.testng.reporters.JUnitXMLReporter -->
<testsuite ignored="1" hostname="DESKTOP-CBAH624" failures="0" tests="1" name="Default test" time="46.622" errors="0" timestamp="22 Aug 2025 18:20:51 GMT">
  <testcase classname="TestClasses.DashboardPageTest" name="CheckMyActionsPanel" time="12.977"/>
  <testcase classname="TestClasses.DashboardPageTest" name="panelCheck" time="0.0">
    <ignored/>
  </testcase> <!-- panelCheck -->
</testsuite> <!-- Default test -->
