<?xml version="1.0" encoding="UTF-8"?>
<!-- Generated by org.testng.reporters.JUnitXMLReporter -->
<testsuite ignored="0" hostname="DESKTOP-CBAH624" failures="1" tests="2" name="Test" time="67.714" errors="0" timestamp="23 Aug 2025 03:43:08 GMT">
  <testcase classname="TestClasses.LoginPageTest" name="testLoginPage" time="2.591">
    <failure type="java.lang.AssertionError" message="User is not matched expected [Admin user] but found [manda user]">
      <![CDATA[java.lang.AssertionError: User is not matched expected [Admin user] but found [manda user]
at TestClasses.LoginPageTest.testLoginPage(LoginPageTest.java:19)
... Removed 30 stack frames]]>
    </failure>
  </testcase> <!-- testLoginPage -->
  <testcase classname="TestClasses.DashboardPageTest" name="panelCheck" time="4.777"/>
</testsuite> <!-- Test -->
